<?xml version="1.0" encoding="UTF-8"?>
<Site BuildName="(empty)"
	BuildStamp="20260108-0042-Experimental"
	Name="0f3c5c696319"
	Generator="ctest-3.28.3"
	CompilerName="/usr/bin/c++"
	CompilerVersion="13.3.0"
	OSName="Linux"
	Hostname="0f3c5c696319"
	OSRelease="6.10.14-linuxkit"
	OSVersion="#1 SMP Fri Nov 29 17:22:03 UTC 2024"
	OSPlatform="aarch64"
	Is64Bits="1"
	VendorString=""
	VendorID="Unknown Manufacturer"
	FamilyID="8"
	ModelID="0"
	ProcessorCacheSize="0"
	NumberOfLogicalCPU="8"
	NumberOfPhysicalCPU="1"
	TotalVirtualMemory="1023"
	TotalPhysicalMemory="3919"
	LogicalProcessorsPerPhysical="8"
	ProcessorClockFrequency="0"
	>
	<Testing>
		<StartDateTime>Jan 08 17:25 UTC</StartDateTime>
		<StartTestTime>1767893135</StartTestTime>
		<TestList/>
		<EndDateTime>Jan 08 17:25 UTC</EndDateTime>
		<EndTestTime>1767893135</EndTestTime>
		<ElapsedMinutes>0</ElapsedMinutes>
	</Testing>
</Site>
